
Showing logs for build [32mcb-kubecd-environment-pr-192-10-rn8dr-1[0m stage [32mfrom-build-pack[0m and container [32mstep-credential-initializer-znxqj[0m
{"level":"warn","ts":1585680721.700426,"logger":"fallback-logger","caller":"logging/config.go:69","msg":"Fetch GitHub commit ID from kodata failed: \"ref: refs/heads/0.8.0-**-support-backwards-incompats\" is not a valid GitHub commit ID"}
{"level":"info","ts":1585680721.7009585,"logger":"fallback-logger","caller":"creds-init/main.go:40","msg":"Credentials initialized."}

Showing logs for build [32mcb-kubecd-environment-pr-192-10-rn8dr-1[0m stage [32mfrom-build-pack[0m and container [32mstep-working-dir-initializer-n8fld[0m
{"level":"warn","ts":1585680722.678843,"logger":"fallback-logger","caller":"logging/config.go:69","msg":"Fetch GitHub commit ID from kodata failed: open /var/run/ko/HEAD: no such file or directory"}
{"level":"info","ts":1585680722.6806743,"logger":"fallback-logger","caller":"bash/main.go:64","msg":"Successfully executed command \"sh -c mkdir -p /workspace/source\"; output "}

Showing logs for build [32mcb-kubecd-environment-pr-192-10-rn8dr-1[0m stage [32mfrom-build-pack[0m and container [32mstep-place-tools[0m

Showing logs for build [32mcb-kubecd-environment-pr-192-10-rn8dr-1[0m stage [32mfrom-build-pack[0m and container [32mstep-git-source-cb-kubecd-environment-pr-192-10-rn8dr-tvgct[0m
{"level":"warn","ts":1585680726.8251648,"logger":"fallback-logger","caller":"logging/config.go:69","msg":"Fetch GitHub commit ID from kodata failed: \"ref: refs/heads/0.8.0-**-support-backwards-incompats\" is not a valid GitHub commit ID"}
{"level":"info","ts":1585680727.8770056,"logger":"fallback-logger","caller":"git/git.go:103","msg":"Successfully cloned https://github.com/cb-kubecd/environment-pr-192-10-boot-vault-gke-production.git @ master in path /workspace/source"}

Showing logs for build [32mcb-kubecd-environment-pr-192-10-rn8dr-1[0m stage [32mfrom-build-pack[0m and container [32mstep-git-merge[0m
Using SHAs from PULL_REFS=master:f44d34c10b9070fecb8bf7a6a91c5c68b595a501,1:175d75c4bd5c62f3e6ce3b89e4b72fd178a440b4
DEBUG: LC_ALL=C JX_LOG_LEVEL=error git fetch origin --unshallow 175d75c4bd5c62f3e6ce3b89e4b72fd178a440b4: f44d34c10b9070fecb8bf7a6a91c5c68b595a501:
DEBUG: ran git fetch --unshallow origin 175d75c4bd5c62f3e6ce3b89e4b72fd178a440b4: f44d34c10b9070fecb8bf7a6a91c5c68b595a501: in 
DEBUG: LC_ALL=C JX_LOG_LEVEL=error git branch
DEBUG: LC_ALL=C JX_LOG_LEVEL=error git checkout master
DEBUG: ran git checkout master in 
DEBUG: LC_ALL=C JX_LOG_LEVEL=error git reset --hard f44d34c10b9070fecb8bf7a6a91c5c68b595a501
DEBUG: ran git reset --hard f44d34c10b9070fecb8bf7a6a91c5c68b595a501 in 
DEBUG: JX_LOG_LEVEL=error LC_ALL=C git clean -fd .
DEBUG: ran clean --force -d . in 
DEBUG: LC_ALL=C JX_LOG_LEVEL=error git merge 175d75c4bd5c62f3e6ce3b89e4b72fd178a440b4
DEBUG: ran git merge 175d75c4bd5c62f3e6ce3b89e4b72fd178a440b4 in 
DEBUG: LC_ALL=C JX_LOG_LEVEL=error git log --format=%H%x1f%an%x1f%ae%x1f%cn%x1f%ce%x1f%s%n%b%x1e f44d34c10b9070fecb8bf7a6a91c5c68b595a501..HEAD
Merged SHA 175d75c4bd5c62f3e6ce3b89e4b72fd178a440b4 with commit message 'chore: Promote bdd-spring-1585679586 to version 0.0.1' into base branch master

Showing logs for build [32mcb-kubecd-environment-pr-192-10-rn8dr-1[0m stage [32mfrom-build-pack[0m and container [32mstep-build-helm-build[0m
WARNING: No $CHART_REPOSITORY defined so using the default value of: http://jenkins-x-chartmuseum:8080
Adding missing Helm repo: storage.googleapis.com https://storage.googleapis.com/chartmuseum.jenkins-x.io
WARNING: No secrets found on "helm/repos" due: reading the secret "helm/repos" from vault: no secret "helm/repos" not found in vault
Read credentials for https://storage.googleapis.com/chartmuseum.jenkins-x.io from vault helm/repos
Successfully added Helm repository storage.googleapis.com.
Adding missing Helm repo: jenkins-x-chartmuseum http://jenkins-x-chartmuseum:8080
WARNING: No secrets found on "helm/repos" due: reading the secret "helm/repos" from vault: no secret "helm/repos" not found in vault
Read credentials for http://jenkins-x-chartmuseum:8080 from vault helm/repos
Successfully added Helm repository jenkins-x-chartmuseum.
WARNING: No $CHART_REPOSITORY defined so using the default value of: http://jenkins-x-chartmuseum:8080
Adding missing Helm repo: chartmuseum.jenkins-x.io http://chartmuseum.jenkins-x.io
WARNING: No secrets found on "helm/repos" due: reading the secret "helm/repos" from vault: no secret "helm/repos" not found in vault
Read credentials for http://chartmuseum.jenkins-x.io from vault helm/repos
Successfully added Helm repository chartmuseum.jenkins-x.io.
